<?xml version="1.0" encoding="UTF-8"?>
<!-- Generated by org.testng.reporters.JUnitReportReporter -->
<testsuite hostname="asset010" failures="0" tests="2" name="TestNg.GoogleTest" time="15.544" errors="0" timestamp="09 Sep 2021 18:26:41 GMT" skipped="0">
  <testcase classname="TestNg.GoogleTest" name="getTitleTest" time="6.728"/>
  <testcase classname="TestNg.GoogleTest" name="googleLogoTest" time="8.816"/>
</testsuite> <!-- TestNg.GoogleTest -->
