<?xml version="1.0" encoding="UTF-8"?>
<!-- Generated by org.testng.reporters.JUnitReportReporter -->
<testsuite hostname="asset010" failures="0" tests="4" name="TestNg.GoogleTest" time="30.424" errors="0" timestamp="09 Sep 2021 18:57:15 GMT" skipped="0">
  <testcase classname="TestNg.GoogleTest" name="getTitleTest" time="7.681"/>
  <testcase classname="TestNg.GoogleTest" name="googleLogoTest" time="8.505"/>
  <testcase classname="TestNg.GoogleTest" name="test1" time="7.342"/>
  <testcase classname="TestNg.GoogleTest" name="test2" time="6.896"/>
</testsuite> <!-- TestNg.GoogleTest -->
